0 verbose cli /usr/local/bin/node /usr/local/lib/node_modules/npm/bin/npm-cli.js
1 info using npm@10.8.2
2 info using node@v20.19.4
3 silly config load:file:/usr/local/lib/node_modules/npm/npmrc
4 silly config load:file:/Users/paolagisler/Desktop/Climbing/bouldering-tracker/.npmrc
5 silly config load:file:/Users/paolagisler/.npmrc
6 silly config load:file:/usr/local/etc/npmrc
7 verbose title npm exec shadcn@latest add separator
8 verbose argv "exec" "--" "shadcn@latest" "add" "separator"
9 verbose logfile logs-max:10 dir:/Users/paolagisler/Desktop/Climbing/bouldering-tracker/npm-cache/_logs/2025-08-28T04_21_20_598Z-
10 verbose logfile /Users/paolagisler/Desktop/Climbing/bouldering-tracker/npm-cache/_logs/2025-08-28T04_21_20_598Z-debug-0.log
11 silly logfile start cleaning logs, removing 1 files
12 silly logfile done cleaning log files
13 silly packumentCache heap:4345298944 maxSize:1086324736 maxEntrySize:543162368
14 verbose shrinkwrap failed to load node_modules/.package-lock.json out of date, updated: node_modules/@alloc
15 http fetch GET 200 https://registry.npmjs.org/shadcn 132ms (cache revalidated)
16 silly packumentCache heap:4345298944 maxSize:1086324736 maxEntrySize:543162368
17 silly packumentCache heap:4345298944 maxSize:1086324736 maxEntrySize:543162368
18 verbose cwd /Users/paolagisler/Desktop/Climbing/bouldering-tracker
19 verbose os Darwin 24.6.0
20 verbose node v20.19.4
21 verbose npm  v10.8.2
22 verbose exit 0
23 info ok
